<?xml version="1.0" encoding="UTF-8"?>
<!-- Generated by org.testng.reporters.JUnitReportReporter -->
<testsuite hostname="DESKTOP-KR3OVCP" failures="0" tests="1" name="RahulShettyAcademyTestScript.TestNG_Demo" time="4.094" errors="0" timestamp="2023-08-22T23:31:17 IST" skipped="0">
  <testcase classname="RahulShettyAcademyTestScript.TestNG_Demo" name="launchUrl" time="4.094"/>
  <system-out/>
</testsuite> <!-- RahulShettyAcademyTestScript.TestNG_Demo -->
